BuildID == 12  (GCMSBUILD2, GCMSBUILD3, GCMSBUILDOPENLB)
Building dwin Release ...
Building msda Release ...
Building msinfo Release ...
Building createms Release ...
Building pbmdbport Release ...
Building pbmdbsort Release ...
Building cfr11 Release ...
Building request.vbp ...
Building HiaCpCom Release ...
Building msinsctl Release ...
Building httpd5973 Release ...
Building sctools Release ...
Building setsig Release ...
Building rpcinfo Release ...
Building CommandProcessor Release ...
Building FWUtil Release ...
Building msconfig Release ...
Building mstop Release ...
Building msmisc Release ...
Building cfr11 Release ...
Building tuneprint Release ...
